[DISCARDED] Tentativo #1 | Motivo: Fuori pista (trackPos: 1.25) | Steps: 1260 | 2026-06-07T12:03:54.913412
[DISCARDED] Tentativo #2 | Motivo: Fuori pista (trackPos: -1.27) | Steps: 2303 | 2026-06-07T12:04:46.002261
[SAVED] | Lap Time: 71.906s | Steps: 3507 | 2026-06-07T12:06:01.712982
[SAVED] | Lap Time: 73.446s | Steps: 3577 | 2026-06-07T12:07:18.423345
[DISCARDED] Tentativo #5 | Motivo: Fuori pista (trackPos: 1.25) | Steps: 1029 | 2026-06-07T12:07:42.261409
[DISCARDED] Tentativo #6 | Motivo: Fuori pista (trackPos: -1.28) | Steps: 3688 | 2026-06-07T12:09:01.928424
[SAVED] | Lap Time: 72.496s | Steps: 3534 | 2026-06-07T12:10:18.233819
[DISCARDED] Tentativo #8 | Motivo: Fuori pista (trackPos: -1.30) | Steps: 1529 | 2026-06-07T12:10:53.076542
[DISCARDED] Tentativo #9 | Motivo: Fuori pista (trackPos: -1.26) | Steps: 1866 | 2026-06-07T12:11:35.304166
[SAVED] | Lap Time: 72.512s | Steps: 3535 | 2026-06-07T12:12:51.632097
[DISCARDED] Tentativo #11 | Motivo: Fine giro rilevata da posizione (timer TORCS non aggiornato) | Steps: 875 | 2026-06-07T12:13:12.073449
[DISCARDED] Tentativo #12 | Motivo: Fuori pista (trackPos: -1.26) | Steps: 1515 | 2026-06-07T12:13:46.600516
[SAVED] | Lap Time: 71.882s | Steps: 3506 | 2026-06-07T12:15:02.286302
[SAVED] | Lap Time: 73.470s | Steps: 3579 | 2026-06-07T12:16:19.047408
[DISCARDED] Tentativo #15 | Motivo: Fuori pista (trackPos: 1.26) | Steps: 954 | 2026-06-07T12:16:41.229696
[DISCARDED] Tentativo #16 | Motivo: Fuori pista (trackPos: -1.26) | Steps: 1478 | 2026-06-07T12:17:15.477527
[DISCARDED] Tentativo #17 | Motivo: Fuori pista (trackPos: 1.25) | Steps: 944 | 2026-06-07T12:17:37.986482
[SAVED] | Lap Time: 73.964s | Steps: 3601 | 2026-06-07T12:18:55.767817
[DISCARDED] Tentativo #19 | Motivo: Fuori pista (trackPos: 1.27) | Steps: 967 | 2026-06-07T12:19:18.244283
[DISCARDED] Tentativo #20 | Motivo: Fuori pista (trackPos: -1.30) | Steps: 1575 | 2026-06-07T12:19:54.577817
[DISCARDED] Tentativo #21 | Motivo: Fuori pista (trackPos: 1.25) | Steps: 1248 | 2026-06-07T12:20:23.767721
[SAVED] | Lap Time: 72.690s | Steps: 3543 | 2026-06-07T12:21:40.275659
[DISCARDED] Tentativo #23 | Motivo: Fuori pista (trackPos: -1.25) | Steps: 1828 | 2026-06-07T12:22:21.191646
[SAVED] | Lap Time: 71.850s | Steps: 3505 | 2026-06-07T12:23:36.864085
[DISCARDED] Tentativo #25 | Motivo: Fuori pista (trackPos: 1.26) | Steps: 974 | 2026-06-07T12:23:59.492462
[DISCARDED] Tentativo #26 | Motivo: Fuori pista (trackPos: -1.39) | Steps: 1883 | 2026-06-07T12:24:42.065186
[SAVED] | Lap Time: 73.668s | Steps: 3588 | 2026-06-07T12:25:59.562124
[DISCARDED] Tentativo #28 | Motivo: Fuori pista (trackPos: 1.26) | Steps: 1208 | 2026-06-07T12:26:27.333733
[DISCARDED] Tentativo #29 | Motivo: Fuori pista (trackPos: 1.35) | Steps: 949 | 2026-06-07T12:26:49.958533
[DISCARDED] Tentativo #30 | Motivo: Fuori pista (trackPos: 1.26) | Steps: 3390 | 2026-06-07T12:28:03.084853
[DISCARDED] Tentativo #31 | Motivo: Fuori pista (trackPos: -1.30) | Steps: 574 | 2026-06-07T12:28:17.965652
[DISCARDED] Tentativo #32 | Motivo: Fuori pista (trackPos: 1.26) | Steps: 1237 | 2026-06-07T12:28:46.921528
[DISCARDED] Tentativo #33 | Motivo: Fuori pista (trackPos: -1.26) | Steps: 182 | 2026-06-07T12:28:53.465320
[DISCARDED] Tentativo #34 | Motivo: Fuori pista (trackPos: 1.26) | Steps: 1227 | 2026-06-07T12:29:22.198624
[DISCARDED] Tentativo #35 | Motivo: Fuori pista (trackPos: 1.28) | Steps: 3356 | 2026-06-07T12:30:34.622114
[DISCARDED] Tentativo #36 | Motivo: Fuori pista (trackPos: -1.32) | Steps: 624 | 2026-06-07T12:30:50.517121
[DISCARDED] Tentativo #37 | Motivo: Fuori pista (trackPos: -1.27) | Steps: 2327 | 2026-06-07T12:31:42.069989
[DISCARDED] Tentativo #38 | Motivo: Fuori pista (trackPos: -1.25) | Steps: 281 | 2026-06-07T12:31:50.783634
[DISCARDED] Tentativo #39 | Motivo: Fuori pista (trackPos: -1.28) | Steps: 3324 | 2026-06-07T12:33:02.535775
[DISCARDED] Tentativo #40 | Motivo: Fuori pista (trackPos: -1.30) | Steps: 272 | 2026-06-07T12:33:11.052497
[SAVED] | Lap Time: 74.206s | Steps: 3612 | 2026-06-07T12:34:29.069207
[DISCARDED] Tentativo #42 | Motivo: Fuori pista (trackPos: -1.25) | Steps: 2293 | 2026-06-07T12:35:19.380760
[SAVED] | Lap Time: 72.856s | Steps: 3551 | 2026-06-07T12:36:36.066476
[SAVED] | Lap Time: 72.488s | Steps: 3534 | 2026-06-07T12:37:51.838858

--- RIEPILOGO SESSIONE ---
Giri salvati: 13
Giri scartati: 31
Fine sessione: 2026-06-07T12:39:43.299701
