[DISCARDED] Tentativo #1 | Motivo: Fuori pista (trackPos: -1.27) | Steps: 3617 | 2026-06-08T12:28:09.611024
[SAVED] | Lap Time: 77.350s | Steps: 3755 | 2026-06-08T12:29:30.828922
[SAVED] | Lap Time: 77.020s | Steps: 3740 | 2026-06-08T12:30:51.129841
[SAVED] | Lap Time: 75.954s | Steps: 3691 | 2026-06-08T12:32:10.365682
[SAVED] | Lap Time: 75.916s | Steps: 3690 | 2026-06-08T12:33:29.563932
[DISCARDED] Tentativo #6 | Motivo: Fuori pista (trackPos: -1.25) | Steps: 1984 | 2026-06-08T12:34:13.532505
[DISCARDED] Tentativo #7 | Motivo: Fuori pista (trackPos: -1.26) | Steps: 3436 | 2026-06-08T12:35:27.659979
[DISCARDED] Tentativo #8 | Motivo: Fuori pista (trackPos: -1.25) | Steps: 675 | 2026-06-08T12:35:44.541260
[DISCARDED] Tentativo #9 | Motivo: Fuori pista (trackPos: -1.27) | Steps: 537 | 2026-06-08T12:35:58.654764
[SAVED] | Lap Time: 76.292s | Steps: 3707 | 2026-06-08T12:37:18.789798
[DISCARDED] Tentativo #11 | Motivo: Fuori pista (trackPos: 1.25) | Steps: 1015 | 2026-06-08T12:37:42.319159
[SAVED] | Lap Time: 78.624s | Steps: 3813 | 2026-06-08T12:39:04.749741
[DISCARDED] Tentativo #13 | Motivo: Fine giro rilevata da posizione (timer TORCS non aggiornato) | Steps: 533 | 2026-06-08T12:39:18.244191
[DISCARDED] Tentativo #14 | Motivo: Fuori pista (trackPos: -1.26) | Steps: 437 | 2026-06-08T12:39:29.822173
[DISCARDED] Tentativo #15 | Motivo: Fuori pista (trackPos: -1.25) | Steps: 729 | 2026-06-08T12:39:47.771818
[DISCARDED] Tentativo #16 | Motivo: Fuori pista (trackPos: -1.25) | Steps: 709 | 2026-06-08T12:40:05.318413

--- RIEPILOGO SESSIONE ---
Giri salvati: 6
Giri scartati: 10
Fine sessione: 2026-06-08T12:40:11.624021
