[DISCARDED] Tentativo #1 | Motivo: Fuori pista (trackPos: -1.25) | Steps: 2398 | 2026-06-06T18:43:30.662475
[DISCARDED] Tentativo #2 | Motivo: Fuori pista (trackPos: -1.26) | Steps: 1891 | 2026-06-06T18:44:13.424076
[DISCARDED] Tentativo #3 | Motivo: Fuori pista (trackPos: -1.26) | Steps: 359 | 2026-06-06T18:44:23.906306
[DISCARDED] Tentativo #4 | Motivo: Fuori pista (trackPos: -1.29) | Steps: 1511 | 2026-06-06T18:44:58.926247
[DISCARDED] Tentativo #5 | Motivo: Fuori pista (trackPos: 1.28) | Steps: 941 | 2026-06-06T18:45:21.415034
[DISCARDED] Tentativo #6 | Motivo: Fuori pista (trackPos: 1.25) | Steps: 966 | 2026-06-06T18:45:44.446703
[DISCARDED] Tentativo #7 | Motivo: Fuori pista (trackPos: 1.25) | Steps: 922 | 2026-06-06T18:46:06.505658
[DISCARDED] Tentativo #8 | Motivo: Fuori pista (trackPos: -1.25) | Steps: 1508 | 2026-06-06T18:46:41.461803
[DISCARDED] Tentativo #9 | Motivo: Fuori pista (trackPos: 1.27) | Steps: 953 | 2026-06-06T18:47:04.203824
[DISCARDED] Tentativo #10 | Motivo: Fuori pista (trackPos: -1.25) | Steps: 1549 | 2026-06-06T18:47:40.066648
[DISCARDED] Tentativo #11 | Motivo: Fuori pista (trackPos: 1.25) | Steps: 3365 | 2026-06-06T18:48:52.763476
[SAVED] | Lap Time: 72.530s | Steps: 3536 | 2026-06-06T18:50:09.163827
[DISCARDED] Tentativo #13 | Motivo: Fuori pista (trackPos: 1.29) | Steps: 947 | 2026-06-06T18:50:31.201084
[DISCARDED] Tentativo #14 | Motivo: Fuori pista (trackPos: 1.27) | Steps: 961 | 2026-06-06T18:50:54.137325
[DISCARDED] Tentativo #15 | Motivo: Fuori pista (trackPos: -1.26) | Steps: 3214 | 2026-06-06T18:52:03.742660
[DISCARDED] Tentativo #16 | Motivo: Fuori pista (trackPos: -1.29) | Steps: 682 | 2026-06-06T18:52:28.085722
[DISCARDED] Tentativo #17 | Motivo: Fuori pista (trackPos: -1.26) | Steps: 1564 | 2026-06-06T18:53:04.255855
[DISCARDED] Tentativo #18 | Motivo: Fuori pista (trackPos: -1.27) | Steps: 2321 | 2026-06-06T18:53:55.749190
[DISCARDED] Tentativo #19 | Motivo: Fuori pista (trackPos: 1.27) | Steps: 1075 | 2026-06-06T18:54:21.181295
[DISCARDED] Tentativo #20 | Motivo: Fuori pista (trackPos: 1.25) | Steps: 571 | 2026-06-06T18:54:39.077958
[DISCARDED] Tentativo #21 | Motivo: Fuori pista (trackPos: 1.26) | Steps: 963 | 2026-06-06T18:55:06.014881
[DISCARDED] Tentativo #22 | Motivo: Fuori pista (trackPos: 1.25) | Steps: 1249 | 2026-06-06T18:55:35.267564
[DISCARDED] Tentativo #23 | Motivo: Fuori pista (trackPos: 1.27) | Steps: 971 | 2026-06-06T18:55:58.411309
[DISCARDED] Tentativo #24 | Motivo: Fuori pista (trackPos: 1.25) | Steps: 3284 | 2026-06-06T18:57:09.425314
[DISCARDED] Tentativo #25 | Motivo: Fuori pista (trackPos: -1.26) | Steps: 3223 | 2026-06-06T18:58:19.194263
[DISCARDED] Tentativo #26 | Motivo: Fuori pista (trackPos: -1.26) | Steps: 2359 | 2026-06-06T18:59:11.458743
[DISCARDED] Tentativo #27 | Motivo: Fuori pista (trackPos: -1.30) | Steps: 230 | 2026-06-06T18:59:21.645882
[DISCARDED] Tentativo #28 | Motivo: Fuori pista (trackPos: -1.27) | Steps: 1508 | 2026-06-06T18:59:56.601977
[DISCARDED] Tentativo #29 | Motivo: Fuori pista (trackPos: 1.26) | Steps: 3333 | 2026-06-06T19:01:08.610865
[DISCARDED] Tentativo #30 | Motivo: Fuori pista (trackPos: -1.26) | Steps: 205 | 2026-06-06T19:01:15.690109
[DISCARDED] Tentativo #31 | Motivo: Fuori pista (trackPos: -1.28) | Steps: 479 | 2026-06-06T19:01:28.687426
[DISCARDED] Tentativo #32 | Motivo: Fuori pista (trackPos: 1.26) | Steps: 956 | 2026-06-06T19:01:51.496817
[DISCARDED] Tentativo #33 | Motivo: Fuori pista (trackPos: 1.27) | Steps: 1913 | 2026-06-06T19:02:39.931760
[DISCARDED] Tentativo #34 | Motivo: Fuori pista (trackPos: 1.25) | Steps: 1000 | 2026-06-06T19:03:03.701284
[DISCARDED] Tentativo #35 | Motivo: Fuori pista (trackPos: -1.27) | Steps: 1029 | 2026-06-06T19:03:28.129741
[DISCARDED] Tentativo #36 | Motivo: Fuori pista (trackPos: -1.27) | Steps: 2290 | 2026-06-06T19:04:19.001282
[DISCARDED] Tentativo #37 | Motivo: Fuori pista (trackPos: -1.26) | Steps: 1202 | 2026-06-06T19:04:47.238325
[DISCARDED] Tentativo #38 | Motivo: Fuori pista (trackPos: 1.27) | Steps: 584 | 2026-06-06T19:05:05.307930
[DISCARDED] Tentativo #39 | Motivo: Fuori pista (trackPos: 1.27) | Steps: 951 | 2026-06-06T19:05:28.013491

--- RIEPILOGO SESSIONE ---
Giri salvati: 1
Giri scartati: 38
Fine sessione: 2026-06-06T19:05:36.900861
