[DISCARDED] Tentativo #1 | Motivo: Fuori pista (trackPos: -1.27) | Steps: 917 | 2026-06-07T11:24:33.348589
[DISCARDED] Tentativo #2 | Motivo: Fuori pista (trackPos: -1.30) | Steps: 1893 | 2026-06-07T11:25:16.182535
[DISCARDED] Tentativo #3 | Motivo: Fuori pista (trackPos: -1.26) | Steps: 623 | 2026-06-07T11:25:32.040675
[DISCARDED] Tentativo #4 | Motivo: Fuori pista (trackPos: 1.25) | Steps: 986 | 2026-06-07T11:25:55.471622
[DISCARDED] Tentativo #5 | Motivo: Fuori pista (trackPos: -1.26) | Steps: 573 | 2026-06-07T11:26:10.322255
[DISCARDED] Tentativo #6 | Motivo: Fuori pista (trackPos: -1.29) | Steps: 3157 | 2026-06-07T11:27:18.658687
[DISCARDED] Tentativo #7 | Motivo: Fuori pista (trackPos: 1.26) | Steps: 963 | 2026-06-07T11:27:41.587574
[DISCARDED] Tentativo #8 | Motivo: Fuori pista (trackPos: -1.28) | Steps: 510 | 2026-06-07T11:27:55.178288
[DISCARDED] Tentativo #9 | Motivo: Fuori pista (trackPos: -1.27) | Steps: 7685 | 2026-06-07T11:30:39.864714
[DISCARDED] Tentativo #10 | Motivo: Fuori pista (trackPos: -1.26) | Steps: 1534 | 2026-06-07T11:31:15.348743
[DISCARDED] Tentativo #11 | Motivo: Fuori pista (trackPos: 1.27) | Steps: 944 | 2026-06-07T11:31:37.862168
[DISCARDED] Tentativo #12 | Motivo: Fuori pista (trackPos: -1.26) | Steps: 6923 | 2026-06-07T11:34:07.496867
[DISCARDED] Tentativo #13 | Motivo: Fuori pista (trackPos: -1.26) | Steps: 1045 | 2026-06-07T11:34:32.227153
[DISCARDED] Tentativo #14 | Motivo: Fuori pista (trackPos: -1.26) | Steps: 1943 | 2026-06-07T11:35:15.998121
[DISCARDED] Tentativo #15 | Motivo: Fuori pista (trackPos: -1.29) | Steps: 233 | 2026-06-07T11:35:23.712928
[DISCARDED] Tentativo #16 | Motivo: Fuori pista (trackPos: -1.27) | Steps: 1167 | 2026-06-07T11:35:51.219789
[DISCARDED] Tentativo #17 | Motivo: Fuori pista (trackPos: -1.29) | Steps: 1884 | 2026-06-07T11:36:33.787870
[DISCARDED] Tentativo #18 | Motivo: Fuori pista (trackPos: 1.25) | Steps: 3340 | 2026-06-07T11:37:45.889370
[SAVED] | Lap Time: 72.044s | Steps: 3514 | 2026-06-07T11:39:01.847782
[DISCARDED] Tentativo #20 | Motivo: Fuori pista (trackPos: -1.26) | Steps: 1169 | 2026-06-07T11:39:29.292536
[DISCARDED] Tentativo #21 | Motivo: Fuori pista (trackPos: -1.26) | Steps: 582 | 2026-06-07T11:39:44.340435
[DISCARDED] Tentativo #22 | Motivo: Fuori pista (trackPos: 1.25) | Steps: 3371 | 2026-06-07T11:40:57.066612
[DISCARDED] Tentativo #23 | Motivo: Fuori pista (trackPos: 1.26) | Steps: 1213 | 2026-06-07T11:41:25.477022
[SAVED] | Lap Time: 75.518s | Steps: 3672 | 2026-06-07T11:42:44.820655
[DISCARDED] Tentativo #25 | Motivo: Fuori pista (trackPos: 1.26) | Steps: 1000 | 2026-06-07T11:43:08.016593
[DISCARDED] Tentativo #26 | Motivo: Fuori pista (trackPos: 1.27) | Steps: 2201 | 2026-06-07T11:43:57.005177
[SAVED] | Lap Time: 72.276s | Steps: 3524 | 2026-06-07T11:45:13.113988
[SAVED] | Lap Time: 72.954s | Steps: 3555 | 2026-06-07T11:46:29.356500
[DISCARDED] Tentativo #29 | Motivo: Fuori pista (trackPos: 1.27) | Steps: 967 | 2026-06-07T11:46:51.828294
[DISCARDED] Tentativo #30 | Motivo: Fuori pista (trackPos: 1.26) | Steps: 1199 | 2026-06-07T11:47:19.929613
[DISCARDED] Tentativo #31 | Motivo: Fuori pista (trackPos: 1.26) | Steps: 1285 | 2026-06-07T11:47:49.938363
[SAVED] | Lap Time: 72.238s | Steps: 3523 | 2026-06-07T11:49:05.993191
[SAVED] | Lap Time: 72.326s | Steps: 3527 | 2026-06-07T11:50:21.606770
[DISCARDED] Tentativo #34 | Motivo: Fuori pista (trackPos: 1.27) | Steps: 969 | 2026-06-07T11:50:44.114611

--- RIEPILOGO SESSIONE ---
Giri salvati: 6
Giri scartati: 28
Fine sessione: 2026-06-07T11:54:47.981034
