[SAVED] | Lap Time: 75.104s | Steps: 3653 | 2026-06-10T12:48:42.778250
[SAVED] | Lap Time: 72.482s | Steps: 3534 | 2026-06-10T12:49:58.534397
[SAVED] | Lap Time: 74.804s | Steps: 3639 | 2026-06-10T12:51:16.605632
[SAVED] | Lap Time: 72.176s | Steps: 3520 | 2026-06-10T12:52:32.053379
[SAVED] | Lap Time: 72.288s | Steps: 3525 | 2026-06-10T12:53:47.625515
[SAVED] | Lap Time: 72.570s | Steps: 3538 | 2026-06-10T12:55:03.481223
[SAVED] | Lap Time: 73.206s | Steps: 3567 | 2026-06-10T12:56:19.978450
[DISCARDED] Tentativo #8 | Motivo: Fuori pista (trackPos: 1.53) | Steps: 981 | 2026-06-10T12:56:42.753971
[DISCARDED] Tentativo #9 | Motivo: Fine giro rilevata da posizione (timer TORCS non aggiornato) | Steps: 681 | 2026-06-10T12:56:59.784151
[DISCARDED] Tentativo #10 | Motivo: Fuori pista (trackPos: -1.53) | Steps: 3348 | 2026-06-10T12:58:12.007067
[DISCARDED] Tentativo #11 | Motivo: Fuori pista (trackPos: -1.52) | Steps: 225 | 2026-06-10T12:58:19.528028
[DISCARDED] Tentativo #12 | Motivo: Fuori pista (trackPos: -1.53) | Steps: 536 | 2026-06-10T12:58:34.294043
[SAVED] | Lap Time: 72.050s | Steps: 3514 | 2026-06-10T12:59:50.187915
[SAVED] | Lap Time: 71.626s | Steps: 3495 | 2026-06-10T13:01:05.097181
[SAVED] | Lap Time: 72.380s | Steps: 3529 | 2026-06-10T13:02:20.758817
[SAVED] | Lap Time: 72.146s | Steps: 3518 | 2026-06-10T13:03:36.175713
[SAVED] | Lap Time: 72.154s | Steps: 3519 | 2026-06-10T13:04:51.600903
[SAVED] | Lap Time: 72.062s | Steps: 3515 | 2026-06-10T13:06:06.944564
[SAVED] | Lap Time: 73.438s | Steps: 3577 | 2026-06-10T13:07:23.647207
[DISCARDED] Tentativo #20 | Motivo: Fuori pista (trackPos: -1.53) | Steps: 1998 | 2026-06-10T13:08:08.479446
[SAVED] | Lap Time: 73.388s | Steps: 3575 | 2026-06-10T13:09:25.714228
[SAVED] | Lap Time: 74.266s | Steps: 3615 | 2026-06-10T13:10:43.273997

--- RIEPILOGO SESSIONE ---
Giri salvati: 16
Giri scartati: 6
Fine sessione: 2026-06-10T13:10:47.276986
